Scanning dependencies of target geometry_msgs_generate_messages_eus
[  0%] Built target geometry_msgs_generate_messages_eus
Scanning dependencies of target rosgraph_msgs_generate_messages_cpp
[  0%] Built target rosgraph_msgs_generate_messages_cpp
Scanning dependencies of target roscpp_generate_messages_nodejs
[  0%] Built target roscpp_generate_messages_nodejs
Scanning dependencies of target std_msgs_generate_messages_eus
[  0%] Built target std_msgs_generate_messages_eus
Scanning dependencies of target geometry_msgs_generate_messages_lisp
[  0%] Built target geometry_msgs_generate_messages_lisp
Scanning dependencies of target geometry_msgs_generate_messages_py
[  0%] Built target geometry_msgs_generate_messages_py
Scanning dependencies of target sensor_msgs_generate_messages_py
[  0%] Built target sensor_msgs_generate_messages_py
Scanning dependencies of target geometry_msgs_generate_messages_cpp
[  0%] Built target geometry_msgs_generate_messages_cpp
Scanning dependencies of target geometry_msgs_generate_messages_nodejs
[  0%] Built target geometry_msgs_generate_messages_nodejs
Scanning dependencies of target roscpp_generate_messages_eus
[  0%] Built target roscpp_generate_messages_eus
Scanning dependencies of target sensor_msgs_generate_messages_lisp
[  0%] Built target sensor_msgs_generate_messages_lisp
Scanning dependencies of target sensor_msgs_generate_messages_nodejs
[  0%] Built target sensor_msgs_generate_messages_nodejs
Scanning dependencies of target open_manipulator_msgs_generate_messages_py
[  0%] Built target open_manipulator_msgs_generate_messages_py
Scanning dependencies of target open_manipulator_msgs_generate_messages_lisp
[  0%] Built target open_manipulator_msgs_generate_messages_lisp
Scanning dependencies of target open_manipulator_msgs_generate_messages_eus
[  0%] Built target open_manipulator_msgs_generate_messages_eus
Scanning dependencies of target open_manipulator_msgs_generate_messages_cpp
[  0%] Built target open_manipulator_msgs_generate_messages_cpp
Scanning dependencies of target trajectory_msgs_generate_messages_py
[  0%] Built target trajectory_msgs_generate_messages_py
Scanning dependencies of target trajectory_msgs_generate_messages_lisp
[  0%] Built target trajectory_msgs_generate_messages_lisp
Scanning dependencies of target trajectory_msgs_generate_messages_nodejs
[  0%] Built target trajectory_msgs_generate_messages_nodejs
Scanning dependencies of target trajectory_msgs_generate_messages_eus
[  0%] Built target trajectory_msgs_generate_messages_eus
Scanning dependencies of target trajectory_msgs_generate_messages_cpp
[  0%] Built target trajectory_msgs_generate_messages_cpp
Scanning dependencies of target rosgraph_msgs_generate_messages_eus
[  0%] Built target rosgraph_msgs_generate_messages_eus
Scanning dependencies of target roscpp_generate_messages_py
[  0%] Built target roscpp_generate_messages_py
Scanning dependencies of target roscpp_generate_messages_cpp
[  0%] Built target roscpp_generate_messages_cpp
Scanning dependencies of target sensor_msgs_generate_messages_eus
[  0%] Built target sensor_msgs_generate_messages_eus
Scanning dependencies of target rosgraph_msgs_generate_messages_py
[  0%] Built target rosgraph_msgs_generate_messages_py
Scanning dependencies of target rosgraph_msgs_generate_messages_lisp
[  0%] Built target rosgraph_msgs_generate_messages_lisp
Scanning dependencies of target std_msgs_generate_messages_lisp
[  0%] Built target std_msgs_generate_messages_lisp
Scanning dependencies of target roscpp_generate_messages_lisp
[  0%] Built target roscpp_generate_messages_lisp
Scanning dependencies of target open_manipulator_msgs_generate_messages_nodejs
[  0%] Built target open_manipulator_msgs_generate_messages_nodejs
Scanning dependencies of target rosgraph_msgs_generate_messages_nodejs
[  0%] Built target rosgraph_msgs_generate_messages_nodejs
Scanning dependencies of target std_msgs_generate_messages_cpp
[  0%] Built target std_msgs_generate_messages_cpp
Scanning dependencies of target std_msgs_generate_messages_py
[  0%] Built target std_msgs_generate_messages_py
Scanning dependencies of target sensor_msgs_generate_messages_cpp
[  0%] Built target sensor_msgs_generate_messages_cpp
Scanning dependencies of target std_msgs_generate_messages_nodejs
[  0%] Built target std_msgs_generate_messages_nodejs
Scanning dependencies of target open_manipulator_controller
[ 50%] Building CXX object CMakeFiles/open_manipulator_controller.dir/src/open_manipulator_controller.cpp.o
[100%] Linking CXX executable /root/catkin_ws/devel/.private/open_manipulator_controller/lib/open_manipulator_controller/open_manipulator_controller
[100%] Built target open_manipulator_controller
