[  0%] Built target dynamic_reconfigure_generate_messages_nodejs
[  0%] Built target nodelet_generate_messages_py
[  0%] Built target std_srvs_generate_messages_nodejs
[  0%] Built target bond_generate_messages_nodejs
[  0%] Built target nodelet_generate_messages_nodejs
[  0%] Built target nodelet_generate_messages_eus
[  0%] Built target pcl_msgs_generate_messages_py
[  0%] Built target pcl_msgs_generate_messages_lisp
[  0%] Built target pcl_msgs_generate_messages_nodejs
[  0%] Built target pcl_msgs_generate_messages_eus
[  0%] Built target rosgraph_msgs_generate_messages_nodejs
[  0%] Built target pcl_ros_gencfg
[  0%] Built target rosgraph_msgs_generate_messages_eus
[  0%] Built target actionlib_generate_messages_eus
[  0%] Built target rosgraph_msgs_generate_messages_cpp
[  0%] Built target roscpp_generate_messages_nodejs
[  0%] Built target roscpp_generate_messages_eus
[  0%] Built target geometry_msgs_generate_messages_cpp
[  0%] Built target geometry_msgs_generate_messages_nodejs
[  0%] Built target dynamic_reconfigure_generate_messages_eus
[  0%] Built target ar_track_alvar_msgs_generate_messages_cpp
[  0%] Built target dynamic_reconfigure_generate_messages_cpp
[  0%] Built target ar_track_alvar_msgs_generate_messages_lisp
[  0%] Built target visualization_msgs_generate_messages_eus
[  0%] Built target visualization_msgs_generate_messages_nodejs
[  0%] Built target rosgraph_msgs_generate_messages_py
[  0%] Built target rosgraph_msgs_generate_messages_lisp
[  0%] Built target actionlib_msgs_generate_messages_py
[  0%] Built target dynamic_reconfigure_generate_messages_py
[  0%] Built target std_srvs_generate_messages_cpp
[  0%] Built target actionlib_msgs_generate_messages_eus
[  0%] Built target std_msgs_generate_messages_lisp
[  0%] Built target ar_track_alvar_msgs_generate_messages_py
[  0%] Built target std_msgs_generate_messages_nodejs
[  0%] Built target geometry_msgs_generate_messages_lisp
[  0%] Built target ar_track_alvar_msgs_generate_messages_eus
[  0%] Built target tf_generate_messages_py
[  0%] Built target ar_track_alvar_msgs_generate_messages_nodejs
[  0%] Built target actionlib_msgs_generate_messages_lisp
[  0%] Built target actionlib_msgs_generate_messages_nodejs
[  2%] Built target ar_track_alvar_gencfg
[  2%] Built target tf2_msgs_generate_messages_eus
[  2%] Built target geometry_msgs_generate_messages_py
[  2%] Built target bond_generate_messages_lisp
[  2%] Built target nodelet_topic_tools_gencfg
[  2%] Built target sensor_msgs_generate_messages_eus
[  2%] Built target tf_generate_messages_eus
[  2%] Built target visualization_msgs_generate_messages_cpp
[  2%] Built target bond_generate_messages_eus
[  2%] Built target bond_generate_messages_cpp
[  2%] Built target tf2_msgs_generate_messages_py
[  2%] Built target roscpp_generate_messages_py
[  2%] Built target sensor_msgs_generate_messages_nodejs
[  2%] Built target geometry_msgs_generate_messages_eus
[  2%] Built target std_msgs_generate_messages_py
[  2%] Built target dynamic_reconfigure_gencfg
[  2%] Built target pcl_msgs_generate_messages_cpp
[  2%] Built target sensor_msgs_generate_messages_cpp
[  2%] Built target roscpp_generate_messages_cpp
[  2%] Built target dynamic_reconfigure_generate_messages_lisp
[  2%] Built target std_srvs_generate_messages_eus
[  2%] Built target topic_tools_generate_messages_cpp
[  2%] Built target visualization_msgs_generate_messages_py
[  2%] Built target topic_tools_generate_messages_eus
[  2%] Built target topic_tools_generate_messages_lisp
[  2%] Built target topic_tools_generate_messages_nodejs
[  2%] Built target tf_generate_messages_cpp
[  2%] Built target tf_generate_messages_lisp
[  2%] Built target roscpp_generate_messages_lisp
[  2%] Built target std_msgs_generate_messages_eus
[  2%] Built target std_srvs_generate_messages_lisp
[  2%] Built target tf_generate_messages_nodejs
[  2%] Built target topic_tools_generate_messages_py
[  2%] Built target actionlib_generate_messages_lisp
[  2%] Built target actionlib_generate_messages_cpp
[  2%] Built target std_srvs_generate_messages_py
[  2%] Built target actionlib_generate_messages_nodejs
[  2%] Built target actionlib_generate_messages_py
[  2%] Built target actionlib_msgs_generate_messages_cpp
[  2%] Built target tf2_msgs_generate_messages_lisp
[  2%] Built target sensor_msgs_generate_messages_lisp
[  2%] Built target nodelet_generate_messages_cpp
[  2%] Built target tf2_msgs_generate_messages_nodejs
[  2%] Built target visualization_msgs_generate_messages_lisp
[  2%] Built target std_msgs_generate_messages_cpp
[  2%] Built target bond_generate_messages_py
[  2%] Built target tf2_msgs_generate_messages_cpp
[  2%] Built target nodelet_generate_messages_lisp
[  2%] Built target sensor_msgs_generate_messages_py
[  6%] Built target kinect_filtering
[ 70%] Built target ar_track_alvar
[ 74%] Built target trainMarkerBundle
[ 78%] Built target individualMarkersNoKinect
[ 82%] Built target createMarker
[ 87%] Built target medianFilter
[ 95%] Built target findMarkerBundlesNoKinect
[ 95%] Built target individualMarkers
[100%] Built target findMarkerBundles
