[  0%] Built target geometry_msgs_generate_messages_eus
[  0%] Built target ar_track_alvar_msgs_generate_messages_lisp
[  0%] Built target ar_track_alvar_msgs_generate_messages_cpp
[  0%] Built target open_manipulator_msgs_generate_messages_py
[  0%] Built target open_manipulator_msgs_generate_messages_lisp
[  0%] Built target open_manipulator_msgs_generate_messages_eus
[  0%] Built target open_manipulator_msgs_generate_messages_cpp
[  0%] Built target rosgraph_msgs_generate_messages_eus
[  0%] Built target rosgraph_msgs_generate_messages_cpp
[  0%] Built target roscpp_generate_messages_nodejs
[  0%] Built target std_msgs_generate_messages_eus
[  0%] Built target geometry_msgs_generate_messages_lisp
[  0%] Built target geometry_msgs_generate_messages_py
[  0%] Built target sensor_msgs_generate_messages_py
[  0%] Built target geometry_msgs_generate_messages_cpp
[  0%] Built target geometry_msgs_generate_messages_nodejs
[  0%] Built target roscpp_generate_messages_eus
[  0%] Built target sensor_msgs_generate_messages_lisp
[  0%] Built target sensor_msgs_generate_messages_nodejs
[  0%] Built target ar_track_alvar_msgs_generate_messages_eus
[  0%] Built target roscpp_generate_messages_py
[  0%] Built target roscpp_generate_messages_cpp
[  0%] Built target sensor_msgs_generate_messages_eus
[  0%] Built target rosgraph_msgs_generate_messages_py
[  0%] Built target rosgraph_msgs_generate_messages_lisp
[  0%] Built target ar_track_alvar_msgs_generate_messages_nodejs
[  0%] Built target std_msgs_generate_messages_lisp
[  0%] Built target roscpp_generate_messages_lisp
[  0%] Built target open_manipulator_msgs_generate_messages_nodejs
[  0%] Built target std_msgs_generate_messages_cpp
[  0%] Built target rosgraph_msgs_generate_messages_nodejs
[  0%] Built target ar_track_alvar_msgs_generate_messages_py
[  0%] Built target sensor_msgs_generate_messages_cpp
[  0%] Built target std_msgs_generate_messages_py
[  0%] Built target std_msgs_generate_messages_nodejs
[35m[1mScanning dependencies of target open_manipulator_pick_and_place[0m
[ 50%] [32mBuilding CXX object CMakeFiles/open_manipulator_pick_and_place.dir/src/open_manipulator_pick_and_place.cpp.o[0m
[100%] [32m[1mLinking CXX executable /root/catkin_ws/devel/.private/open_manipulator_pick_and_place/lib/open_manipulator_pick_and_place/open_manipulator_pick_and_place[0m
[100%] Built target open_manipulator_pick_and_place
