Scanning dependencies of target geometry_msgs_generate_messages_eus
[  0%] Built target geometry_msgs_generate_messages_eus
Scanning dependencies of target open_manipulator_msgs_generate_messages_py
[  0%] Built target open_manipulator_msgs_generate_messages_py
Scanning dependencies of target open_manipulator_msgs_generate_messages_lisp
[  0%] Built target open_manipulator_msgs_generate_messages_lisp
Scanning dependencies of target open_manipulator_msgs_generate_messages_eus
[  0%] Built target open_manipulator_msgs_generate_messages_eus
Scanning dependencies of target open_manipulator_msgs_generate_messages_cpp
[  0%] Built target open_manipulator_msgs_generate_messages_cpp
Scanning dependencies of target rosgraph_msgs_generate_messages_eus
[  0%] Built target rosgraph_msgs_generate_messages_eus
Scanning dependencies of target rosgraph_msgs_generate_messages_cpp
[  0%] Built target rosgraph_msgs_generate_messages_cpp
Scanning dependencies of target roscpp_generate_messages_nodejs
[  0%] Built target roscpp_generate_messages_nodejs
Scanning dependencies of target std_msgs_generate_messages_eus
[  0%] Built target std_msgs_generate_messages_eus
Scanning dependencies of target geometry_msgs_generate_messages_lisp
[  0%] Built target geometry_msgs_generate_messages_lisp
Scanning dependencies of target geometry_msgs_generate_messages_py
[  0%] Built target geometry_msgs_generate_messages_py
Scanning dependencies of target sensor_msgs_generate_messages_py
[  0%] Built target sensor_msgs_generate_messages_py
Scanning dependencies of target geometry_msgs_generate_messages_cpp
[  0%] Built target geometry_msgs_generate_messages_cpp
Scanning dependencies of target geometry_msgs_generate_messages_nodejs
[  0%] Built target geometry_msgs_generate_messages_nodejs
Scanning dependencies of target roscpp_generate_messages_eus
[  0%] Built target roscpp_generate_messages_eus
Scanning dependencies of target sensor_msgs_generate_messages_lisp
[  0%] Built target sensor_msgs_generate_messages_lisp
Scanning dependencies of target sensor_msgs_generate_messages_nodejs
[  0%] Built target sensor_msgs_generate_messages_nodejs
Scanning dependencies of target roscpp_generate_messages_py
[  0%] Built target roscpp_generate_messages_py
Scanning dependencies of target roscpp_generate_messages_cpp
[  0%] Built target roscpp_generate_messages_cpp
Scanning dependencies of target sensor_msgs_generate_messages_eus
[  0%] Built target sensor_msgs_generate_messages_eus
Scanning dependencies of target rosgraph_msgs_generate_messages_py
[  0%] Built target rosgraph_msgs_generate_messages_py
Scanning dependencies of target rosgraph_msgs_generate_messages_lisp
[  0%] Built target rosgraph_msgs_generate_messages_lisp
Scanning dependencies of target std_msgs_generate_messages_lisp
[  0%] Built target std_msgs_generate_messages_lisp
Scanning dependencies of target roscpp_generate_messages_lisp
[  0%] Built target roscpp_generate_messages_lisp
Scanning dependencies of target open_manipulator_msgs_generate_messages_nodejs
[  0%] Built target open_manipulator_msgs_generate_messages_nodejs
Scanning dependencies of target rosgraph_msgs_generate_messages_nodejs
[  0%] Built target rosgraph_msgs_generate_messages_nodejs
Scanning dependencies of target std_msgs_generate_messages_cpp
[  0%] Built target std_msgs_generate_messages_cpp
Scanning dependencies of target std_msgs_generate_messages_py
[  0%] Built target std_msgs_generate_messages_py
Scanning dependencies of target sensor_msgs_generate_messages_cpp
[  0%] Built target sensor_msgs_generate_messages_cpp
Scanning dependencies of target std_msgs_generate_messages_nodejs
[  0%] Built target std_msgs_generate_messages_nodejs
Scanning dependencies of target open_manipulator_teleop_joystick
[ 25%] Building CXX object CMakeFiles/open_manipulator_teleop_joystick.dir/src/open_manipulator_teleop_joystick.cpp.o
[ 50%] Linking CXX executable /root/catkin_ws/devel/.private/open_manipulator_teleop/lib/open_manipulator_teleop/open_manipulator_teleop_joystick
[ 50%] Built target open_manipulator_teleop_joystick
Scanning dependencies of target open_manipulator_teleop_keyboard
[ 75%] Building CXX object CMakeFiles/open_manipulator_teleop_keyboard.dir/src/open_manipulator_teleop_keyboard.cpp.o
[100%] Linking CXX executable /root/catkin_ws/devel/.private/open_manipulator_teleop/lib/open_manipulator_teleop/open_manipulator_teleop_keyboard
[100%] Built target open_manipulator_teleop_keyboard
