Scanning dependencies of target _open_manipulator_msgs_generate_messages_check_deps_GetKinematicsPose
[  0%] Built target _open_manipulator_msgs_generate_messages_check_deps_GetKinematicsPose
Scanning dependencies of target _open_manipulator_msgs_generate_messages_check_deps_GetJointPosition
[  0%] Built target _open_manipulator_msgs_generate_messages_check_deps_GetJointPosition
Scanning dependencies of target _open_manipulator_msgs_generate_messages_check_deps_SetKinematicsPose
[  0%] Built target _open_manipulator_msgs_generate_messages_check_deps_SetKinematicsPose
Scanning dependencies of target _open_manipulator_msgs_generate_messages_check_deps_SetActuatorState
[  0%] Built target _open_manipulator_msgs_generate_messages_check_deps_SetActuatorState
Scanning dependencies of target std_msgs_generate_messages_eus
[  0%] Built target std_msgs_generate_messages_eus
Scanning dependencies of target _open_manipulator_msgs_generate_messages_check_deps_SetJointPosition
[  0%] Built target _open_manipulator_msgs_generate_messages_check_deps_SetJointPosition
Scanning dependencies of target _open_manipulator_msgs_generate_messages_check_deps_KinematicsPose
[  0%] Built target _open_manipulator_msgs_generate_messages_check_deps_KinematicsPose
Scanning dependencies of target geometry_msgs_generate_messages_eus
[  0%] Built target geometry_msgs_generate_messages_eus
Scanning dependencies of target _open_manipulator_msgs_generate_messages_check_deps_SetDrawingTrajectory
[  0%] Built target _open_manipulator_msgs_generate_messages_check_deps_SetDrawingTrajectory
Scanning dependencies of target _open_manipulator_msgs_generate_messages_check_deps_OpenManipulatorState
[  0%] Built target _open_manipulator_msgs_generate_messages_check_deps_OpenManipulatorState
Scanning dependencies of target _open_manipulator_msgs_generate_messages_check_deps_JointPosition
[  0%] Built target _open_manipulator_msgs_generate_messages_check_deps_JointPosition
Scanning dependencies of target std_msgs_generate_messages_lisp
[  0%] Built target std_msgs_generate_messages_lisp
Scanning dependencies of target geometry_msgs_generate_messages_lisp
[  0%] Built target geometry_msgs_generate_messages_lisp
Scanning dependencies of target std_msgs_generate_messages_py
[  0%] Built target std_msgs_generate_messages_py
Scanning dependencies of target geometry_msgs_generate_messages_py
[  0%] Built target geometry_msgs_generate_messages_py
Scanning dependencies of target std_msgs_generate_messages_nodejs
[  0%] Built target std_msgs_generate_messages_nodejs
Scanning dependencies of target geometry_msgs_generate_messages_nodejs
[  0%] Built target geometry_msgs_generate_messages_nodejs
Scanning dependencies of target std_msgs_generate_messages_cpp
[  0%] Built target std_msgs_generate_messages_cpp
Scanning dependencies of target geometry_msgs_generate_messages_cpp
[  0%] Built target geometry_msgs_generate_messages_cpp
Scanning dependencies of target open_manipulator_msgs_generate_messages_eus
[  2%] Generating EusLisp code from open_manipulator_msgs/JointPosition.msg
[  4%] Generating EusLisp code from open_manipulator_msgs/KinematicsPose.msg
[  6%] Generating EusLisp code from open_manipulator_msgs/OpenManipulatorState.msg
[  8%] Generating EusLisp code from open_manipulator_msgs/GetJointPosition.srv
[ 10%] Generating EusLisp code from open_manipulator_msgs/GetKinematicsPose.srv
[ 12%] Generating EusLisp code from open_manipulator_msgs/SetJointPosition.srv
[ 14%] Generating EusLisp code from open_manipulator_msgs/SetKinematicsPose.srv
[ 16%] Generating EusLisp code from open_manipulator_msgs/SetDrawingTrajectory.srv
[ 18%] Generating EusLisp code from open_manipulator_msgs/SetActuatorState.srv
[ 20%] Generating EusLisp manifest code for open_manipulator_msgs
[ 20%] Built target open_manipulator_msgs_generate_messages_eus
Scanning dependencies of target open_manipulator_msgs_generate_messages_lisp
[ 22%] Generating Lisp code from open_manipulator_msgs/JointPosition.msg
[ 25%] Generating Lisp code from open_manipulator_msgs/KinematicsPose.msg
[ 27%] Generating Lisp code from open_manipulator_msgs/OpenManipulatorState.msg
[ 29%] Generating Lisp code from open_manipulator_msgs/GetJointPosition.srv
[ 31%] Generating Lisp code from open_manipulator_msgs/GetKinematicsPose.srv
[ 33%] Generating Lisp code from open_manipulator_msgs/SetJointPosition.srv
[ 35%] Generating Lisp code from open_manipulator_msgs/SetKinematicsPose.srv
[ 37%] Generating Lisp code from open_manipulator_msgs/SetDrawingTrajectory.srv
[ 39%] Generating Lisp code from open_manipulator_msgs/SetActuatorState.srv
[ 39%] Built target open_manipulator_msgs_generate_messages_lisp
Scanning dependencies of target open_manipulator_msgs_generate_messages_py
[ 41%] Generating Python from MSG open_manipulator_msgs/JointPosition
[ 43%] Generating Python from MSG open_manipulator_msgs/KinematicsPose
[ 45%] Generating Python from MSG open_manipulator_msgs/OpenManipulatorState
[ 47%] Generating Python code from SRV open_manipulator_msgs/GetJointPosition
[ 50%] Generating Python code from SRV open_manipulator_msgs/GetKinematicsPose
[ 52%] Generating Python code from SRV open_manipulator_msgs/SetJointPosition
[ 54%] Generating Python code from SRV open_manipulator_msgs/SetKinematicsPose
[ 56%] Generating Python code from SRV open_manipulator_msgs/SetDrawingTrajectory
[ 58%] Generating Python code from SRV open_manipulator_msgs/SetActuatorState
[ 60%] Generating Python msg __init__.py for open_manipulator_msgs
[ 62%] Generating Python srv __init__.py for open_manipulator_msgs
[ 62%] Built target open_manipulator_msgs_generate_messages_py
Scanning dependencies of target open_manipulator_msgs_generate_messages_nodejs
[ 64%] Generating Javascript code from open_manipulator_msgs/JointPosition.msg
[ 66%] Generating Javascript code from open_manipulator_msgs/KinematicsPose.msg
[ 68%] Generating Javascript code from open_manipulator_msgs/OpenManipulatorState.msg
[ 70%] Generating Javascript code from open_manipulator_msgs/GetJointPosition.srv
[ 72%] Generating Javascript code from open_manipulator_msgs/GetKinematicsPose.srv
[ 75%] Generating Javascript code from open_manipulator_msgs/SetJointPosition.srv
[ 77%] Generating Javascript code from open_manipulator_msgs/SetKinematicsPose.srv
[ 79%] Generating Javascript code from open_manipulator_msgs/SetDrawingTrajectory.srv
[ 81%] Generating Javascript code from open_manipulator_msgs/SetActuatorState.srv
[ 81%] Built target open_manipulator_msgs_generate_messages_nodejs
Scanning dependencies of target open_manipulator_msgs_generate_messages_cpp
[ 83%] Generating C++ code from open_manipulator_msgs/JointPosition.msg
[ 85%] Generating C++ code from open_manipulator_msgs/KinematicsPose.msg
[ 87%] Generating C++ code from open_manipulator_msgs/OpenManipulatorState.msg
[ 89%] Generating C++ code from open_manipulator_msgs/GetJointPosition.srv
[ 91%] Generating C++ code from open_manipulator_msgs/GetKinematicsPose.srv
[ 93%] Generating C++ code from open_manipulator_msgs/SetJointPosition.srv
[ 95%] Generating C++ code from open_manipulator_msgs/SetKinematicsPose.srv
[ 97%] Generating C++ code from open_manipulator_msgs/SetDrawingTrajectory.srv
[100%] Generating C++ code from open_manipulator_msgs/SetActuatorState.srv
[100%] Built target open_manipulator_msgs_generate_messages_cpp
Scanning dependencies of target open_manipulator_msgs_generate_messages
[100%] Built target open_manipulator_msgs_generate_messages
