Symlinking /root/catkin_ws/devel/include/open_manipulator_msgs/SetActuatorStateResponse.h
Symlinking /root/catkin_ws/devel/include/open_manipulator_msgs/SetActuatorState.h
Symlinking /root/catkin_ws/devel/include/open_manipulator_msgs/SetActuatorStateRequest.h
Symlinking /root/catkin_ws/devel/include/open_manipulator_msgs/OpenManipulatorState.h
Symlinking /root/catkin_ws/devel/include/open_manipulator_msgs/SetDrawingTrajectoryResponse.h
Symlinking /root/catkin_ws/devel/include/open_manipulator_msgs/SetDrawingTrajectoryRequest.h
Symlinking /root/catkin_ws/devel/include/open_manipulator_msgs/JointPosition.h
Symlinking /root/catkin_ws/devel/include/open_manipulator_msgs/SetKinematicsPoseRequest.h
Symlinking /root/catkin_ws/devel/include/open_manipulator_msgs/SetKinematicsPose.h
Symlinking /root/catkin_ws/devel/include/open_manipulator_msgs/GetKinematicsPoseRequest.h
Symlinking /root/catkin_ws/devel/include/open_manipulator_msgs/SetJointPositionRequest.h
Symlinking /root/catkin_ws/devel/include/open_manipulator_msgs/GetJointPosition.h
Symlinking /root/catkin_ws/devel/include/open_manipulator_msgs/GetKinematicsPose.h
Symlinking /root/catkin_ws/devel/include/open_manipulator_msgs/GetJointPositionResponse.h
Symlinking /root/catkin_ws/devel/include/open_manipulator_msgs/SetJointPosition.h
Symlinking /root/catkin_ws/devel/include/open_manipulator_msgs/SetDrawingTrajectory.h
Symlinking /root/catkin_ws/devel/include/open_manipulator_msgs/SetKinematicsPoseResponse.h
Symlinking /root/catkin_ws/devel/include/open_manipulator_msgs/GetJointPositionRequest.h
Symlinking /root/catkin_ws/devel/include/open_manipulator_msgs/SetJointPositionResponse.h
Symlinking /root/catkin_ws/devel/include/open_manipulator_msgs/GetKinematicsPoseResponse.h
Symlinking /root/catkin_ws/devel/include/open_manipulator_msgs/KinematicsPose.h
Symlinking /root/catkin_ws/devel/lib/pkgconfig/open_manipulator_msgs.pc
Symlinking /root/catkin_ws/devel/lib/python3/dist-packages/open_manipulator_msgs/__init__.py
Symlinking /root/catkin_ws/devel/lib/python3/dist-packages/open_manipulator_msgs/srv/__init__.py
Symlinking /root/catkin_ws/devel/lib/python3/dist-packages/open_manipulator_msgs/srv/_SetActuatorState.py
Symlinking /root/catkin_ws/devel/lib/python3/dist-packages/open_manipulator_msgs/srv/_SetDrawingTrajectory.py
Symlinking /root/catkin_ws/devel/lib/python3/dist-packages/open_manipulator_msgs/srv/_GetKinematicsPose.py
Symlinking /root/catkin_ws/devel/lib/python3/dist-packages/open_manipulator_msgs/srv/_SetJointPosition.py
Symlinking /root/catkin_ws/devel/lib/python3/dist-packages/open_manipulator_msgs/srv/_GetJointPosition.py
Symlinking /root/catkin_ws/devel/lib/python3/dist-packages/open_manipulator_msgs/srv/_SetKinematicsPose.py
Symlinking /root/catkin_ws/devel/lib/python3/dist-packages/open_manipulator_msgs/msg/_KinematicsPose.py
Symlinking /root/catkin_ws/devel/lib/python3/dist-packages/open_manipulator_msgs/msg/__init__.py
Symlinking /root/catkin_ws/devel/lib/python3/dist-packages/open_manipulator_msgs/msg/_JointPosition.py
Symlinking /root/catkin_ws/devel/lib/python3/dist-packages/open_manipulator_msgs/msg/_OpenManipulatorState.py
Symlinking /root/catkin_ws/devel/share/open_manipulator_msgs/cmake/open_manipulator_msgs-msg-paths.cmake
Symlinking /root/catkin_ws/devel/share/open_manipulator_msgs/cmake/open_manipulator_msgsConfig.cmake
Symlinking /root/catkin_ws/devel/share/open_manipulator_msgs/cmake/open_manipulator_msgs-msg-extras.cmake
Symlinking /root/catkin_ws/devel/share/open_manipulator_msgs/cmake/open_manipulator_msgsConfig-version.cmake
Symlinking /root/catkin_ws/devel/share/roseus/ros/open_manipulator_msgs/manifest.l
Symlinking /root/catkin_ws/devel/share/roseus/ros/open_manipulator_msgs/srv/SetKinematicsPose.l
Symlinking /root/catkin_ws/devel/share/roseus/ros/open_manipulator_msgs/srv/GetJointPosition.l
Symlinking /root/catkin_ws/devel/share/roseus/ros/open_manipulator_msgs/srv/SetJointPosition.l
Symlinking /root/catkin_ws/devel/share/roseus/ros/open_manipulator_msgs/srv/GetKinematicsPose.l
Symlinking /root/catkin_ws/devel/share/roseus/ros/open_manipulator_msgs/srv/SetDrawingTrajectory.l
Symlinking /root/catkin_ws/devel/share/roseus/ros/open_manipulator_msgs/srv/SetActuatorState.l
Symlinking /root/catkin_ws/devel/share/roseus/ros/open_manipulator_msgs/msg/KinematicsPose.l
Symlinking /root/catkin_ws/devel/share/roseus/ros/open_manipulator_msgs/msg/OpenManipulatorState.l
Symlinking /root/catkin_ws/devel/share/roseus/ros/open_manipulator_msgs/msg/JointPosition.l
Symlinking /root/catkin_ws/devel/share/common-lisp/ros/open_manipulator_msgs/srv/GetJointPosition.lisp
Symlinking /root/catkin_ws/devel/share/common-lisp/ros/open_manipulator_msgs/srv/_package.lisp
Symlinking /root/catkin_ws/devel/share/common-lisp/ros/open_manipulator_msgs/srv/_package_GetKinematicsPose.lisp
Symlinking /root/catkin_ws/devel/share/common-lisp/ros/open_manipulator_msgs/srv/_package_GetJointPosition.lisp
Symlinking /root/catkin_ws/devel/share/common-lisp/ros/open_manipulator_msgs/srv/_package_SetKinematicsPose.lisp
Symlinking /root/catkin_ws/devel/share/common-lisp/ros/open_manipulator_msgs/srv/SetJointPosition.lisp
Symlinking /root/catkin_ws/devel/share/common-lisp/ros/open_manipulator_msgs/srv/_package_SetActuatorState.lisp
Symlinking /root/catkin_ws/devel/share/common-lisp/ros/open_manipulator_msgs/srv/_package_SetJointPosition.lisp
Symlinking /root/catkin_ws/devel/share/common-lisp/ros/open_manipulator_msgs/srv/SetKinematicsPose.lisp
Symlinking /root/catkin_ws/devel/share/common-lisp/ros/open_manipulator_msgs/srv/SetActuatorState.lisp
Symlinking /root/catkin_ws/devel/share/common-lisp/ros/open_manipulator_msgs/srv/open_manipulator_msgs-srv.asd
Symlinking /root/catkin_ws/devel/share/common-lisp/ros/open_manipulator_msgs/srv/GetKinematicsPose.lisp
Symlinking /root/catkin_ws/devel/share/common-lisp/ros/open_manipulator_msgs/srv/SetDrawingTrajectory.lisp
Symlinking /root/catkin_ws/devel/share/common-lisp/ros/open_manipulator_msgs/srv/_package_SetDrawingTrajectory.lisp
Symlinking /root/catkin_ws/devel/share/common-lisp/ros/open_manipulator_msgs/msg/_package.lisp
Symlinking /root/catkin_ws/devel/share/common-lisp/ros/open_manipulator_msgs/msg/_package_KinematicsPose.lisp
Symlinking /root/catkin_ws/devel/share/common-lisp/ros/open_manipulator_msgs/msg/JointPosition.lisp
Symlinking /root/catkin_ws/devel/share/common-lisp/ros/open_manipulator_msgs/msg/_package_OpenManipulatorState.lisp
Symlinking /root/catkin_ws/devel/share/common-lisp/ros/open_manipulator_msgs/msg/KinematicsPose.lisp
Symlinking /root/catkin_ws/devel/share/common-lisp/ros/open_manipulator_msgs/msg/_package_JointPosition.lisp
Symlinking /root/catkin_ws/devel/share/common-lisp/ros/open_manipulator_msgs/msg/open_manipulator_msgs-msg.asd
Symlinking /root/catkin_ws/devel/share/common-lisp/ros/open_manipulator_msgs/msg/OpenManipulatorState.lisp
Symlinking /root/catkin_ws/devel/share/gennodejs/ros/open_manipulator_msgs/_index.js
Symlinking /root/catkin_ws/devel/share/gennodejs/ros/open_manipulator_msgs/srv/SetDrawingTrajectory.js
Symlinking /root/catkin_ws/devel/share/gennodejs/ros/open_manipulator_msgs/srv/SetKinematicsPose.js
Symlinking /root/catkin_ws/devel/share/gennodejs/ros/open_manipulator_msgs/srv/GetKinematicsPose.js
Symlinking /root/catkin_ws/devel/share/gennodejs/ros/open_manipulator_msgs/srv/SetJointPosition.js
Symlinking /root/catkin_ws/devel/share/gennodejs/ros/open_manipulator_msgs/srv/GetJointPosition.js
Symlinking /root/catkin_ws/devel/share/gennodejs/ros/open_manipulator_msgs/srv/_index.js
Symlinking /root/catkin_ws/devel/share/gennodejs/ros/open_manipulator_msgs/srv/SetActuatorState.js
Symlinking /root/catkin_ws/devel/share/gennodejs/ros/open_manipulator_msgs/msg/OpenManipulatorState.js
Symlinking /root/catkin_ws/devel/share/gennodejs/ros/open_manipulator_msgs/msg/KinematicsPose.js
Symlinking /root/catkin_ws/devel/share/gennodejs/ros/open_manipulator_msgs/msg/JointPosition.js
Symlinking /root/catkin_ws/devel/share/gennodejs/ros/open_manipulator_msgs/msg/_index.js
