Linked: (/root/catkin_ws/devel/.private/open_manipulator_msgs/include/open_manipulator_msgs/SetKinematicsPoseResponse.h, /root/catkin_ws/devel/include/open_manipulator_msgs/SetKinematicsPoseResponse.h)
Linked: (/root/catkin_ws/devel/.private/open_manipulator_msgs/include/open_manipulator_msgs/GetJointPositionResponse.h, /root/catkin_ws/devel/include/open_manipulator_msgs/GetJointPositionResponse.h)
Linked: (/root/catkin_ws/devel/.private/open_manipulator_msgs/include/open_manipulator_msgs/SetActuatorStateResponse.h, /root/catkin_ws/devel/include/open_manipulator_msgs/SetActuatorStateResponse.h)
Linked: (/root/catkin_ws/devel/.private/open_manipulator_msgs/include/open_manipulator_msgs/SetDrawingTrajectory.h, /root/catkin_ws/devel/include/open_manipulator_msgs/SetDrawingTrajectory.h)
Linked: (/root/catkin_ws/devel/.private/open_manipulator_msgs/include/open_manipulator_msgs/SetActuatorStateRequest.h, /root/catkin_ws/devel/include/open_manipulator_msgs/SetActuatorStateRequest.h)
Linked: (/root/catkin_ws/devel/.private/open_manipulator_msgs/include/open_manipulator_msgs/SetJointPositionResponse.h, /root/catkin_ws/devel/include/open_manipulator_msgs/SetJointPositionResponse.h)
Linked: (/root/catkin_ws/devel/.private/open_manipulator_msgs/include/open_manipulator_msgs/SetDrawingTrajectoryRequest.h, /root/catkin_ws/devel/include/open_manipulator_msgs/SetDrawingTrajectoryRequest.h)
Linked: (/root/catkin_ws/devel/.private/open_manipulator_msgs/include/open_manipulator_msgs/SetJointPositionRequest.h, /root/catkin_ws/devel/include/open_manipulator_msgs/SetJointPositionRequest.h)
Linked: (/root/catkin_ws/devel/.private/open_manipulator_msgs/include/open_manipulator_msgs/OpenManipulatorState.h, /root/catkin_ws/devel/include/open_manipulator_msgs/OpenManipulatorState.h)
Linked: (/root/catkin_ws/devel/.private/open_manipulator_msgs/include/open_manipulator_msgs/SetDrawingTrajectoryResponse.h, /root/catkin_ws/devel/include/open_manipulator_msgs/SetDrawingTrajectoryResponse.h)
Linked: (/root/catkin_ws/devel/.private/open_manipulator_msgs/include/open_manipulator_msgs/SetActuatorState.h, /root/catkin_ws/devel/include/open_manipulator_msgs/SetActuatorState.h)
Linked: (/root/catkin_ws/devel/.private/open_manipulator_msgs/include/open_manipulator_msgs/GetKinematicsPoseResponse.h, /root/catkin_ws/devel/include/open_manipulator_msgs/GetKinematicsPoseResponse.h)
Linked: (/root/catkin_ws/devel/.private/open_manipulator_msgs/include/open_manipulator_msgs/GetKinematicsPose.h, /root/catkin_ws/devel/include/open_manipulator_msgs/GetKinematicsPose.h)
Linked: (/root/catkin_ws/devel/.private/open_manipulator_msgs/include/open_manipulator_msgs/GetJointPositionRequest.h, /root/catkin_ws/devel/include/open_manipulator_msgs/GetJointPositionRequest.h)
Linked: (/root/catkin_ws/devel/.private/open_manipulator_msgs/include/open_manipulator_msgs/GetKinematicsPoseRequest.h, /root/catkin_ws/devel/include/open_manipulator_msgs/GetKinematicsPoseRequest.h)
Linked: (/root/catkin_ws/devel/.private/open_manipulator_msgs/include/open_manipulator_msgs/JointPosition.h, /root/catkin_ws/devel/include/open_manipulator_msgs/JointPosition.h)
Linked: (/root/catkin_ws/devel/.private/open_manipulator_msgs/include/open_manipulator_msgs/SetKinematicsPose.h, /root/catkin_ws/devel/include/open_manipulator_msgs/SetKinematicsPose.h)
Linked: (/root/catkin_ws/devel/.private/open_manipulator_msgs/include/open_manipulator_msgs/KinematicsPose.h, /root/catkin_ws/devel/include/open_manipulator_msgs/KinematicsPose.h)
Linked: (/root/catkin_ws/devel/.private/open_manipulator_msgs/include/open_manipulator_msgs/SetJointPosition.h, /root/catkin_ws/devel/include/open_manipulator_msgs/SetJointPosition.h)
Linked: (/root/catkin_ws/devel/.private/open_manipulator_msgs/include/open_manipulator_msgs/GetJointPosition.h, /root/catkin_ws/devel/include/open_manipulator_msgs/GetJointPosition.h)
Linked: (/root/catkin_ws/devel/.private/open_manipulator_msgs/include/open_manipulator_msgs/SetKinematicsPoseRequest.h, /root/catkin_ws/devel/include/open_manipulator_msgs/SetKinematicsPoseRequest.h)
Linked: (/root/catkin_ws/devel/.private/open_manipulator_msgs/lib/python3/dist-packages/open_manipulator_msgs/__init__.py, /root/catkin_ws/devel/lib/python3/dist-packages/open_manipulator_msgs/__init__.py)
Linked: (/root/catkin_ws/devel/.private/open_manipulator_msgs/lib/python3/dist-packages/open_manipulator_msgs/msg/_JointPosition.py, /root/catkin_ws/devel/lib/python3/dist-packages/open_manipulator_msgs/msg/_JointPosition.py)
Linked: (/root/catkin_ws/devel/.private/open_manipulator_msgs/lib/python3/dist-packages/open_manipulator_msgs/msg/__init__.py, /root/catkin_ws/devel/lib/python3/dist-packages/open_manipulator_msgs/msg/__init__.py)
Linked: (/root/catkin_ws/devel/.private/open_manipulator_msgs/lib/python3/dist-packages/open_manipulator_msgs/msg/_OpenManipulatorState.py, /root/catkin_ws/devel/lib/python3/dist-packages/open_manipulator_msgs/msg/_OpenManipulatorState.py)
Linked: (/root/catkin_ws/devel/.private/open_manipulator_msgs/lib/python3/dist-packages/open_manipulator_msgs/msg/_KinematicsPose.py, /root/catkin_ws/devel/lib/python3/dist-packages/open_manipulator_msgs/msg/_KinematicsPose.py)
Linked: (/root/catkin_ws/devel/.private/open_manipulator_msgs/lib/python3/dist-packages/open_manipulator_msgs/srv/_GetKinematicsPose.py, /root/catkin_ws/devel/lib/python3/dist-packages/open_manipulator_msgs/srv/_GetKinematicsPose.py)
Linked: (/root/catkin_ws/devel/.private/open_manipulator_msgs/lib/python3/dist-packages/open_manipulator_msgs/srv/_SetJointPosition.py, /root/catkin_ws/devel/lib/python3/dist-packages/open_manipulator_msgs/srv/_SetJointPosition.py)
Linked: (/root/catkin_ws/devel/.private/open_manipulator_msgs/lib/python3/dist-packages/open_manipulator_msgs/srv/_SetKinematicsPose.py, /root/catkin_ws/devel/lib/python3/dist-packages/open_manipulator_msgs/srv/_SetKinematicsPose.py)
Linked: (/root/catkin_ws/devel/.private/open_manipulator_msgs/lib/python3/dist-packages/open_manipulator_msgs/srv/__init__.py, /root/catkin_ws/devel/lib/python3/dist-packages/open_manipulator_msgs/srv/__init__.py)
Linked: (/root/catkin_ws/devel/.private/open_manipulator_msgs/lib/python3/dist-packages/open_manipulator_msgs/srv/_SetActuatorState.py, /root/catkin_ws/devel/lib/python3/dist-packages/open_manipulator_msgs/srv/_SetActuatorState.py)
Linked: (/root/catkin_ws/devel/.private/open_manipulator_msgs/lib/python3/dist-packages/open_manipulator_msgs/srv/_GetJointPosition.py, /root/catkin_ws/devel/lib/python3/dist-packages/open_manipulator_msgs/srv/_GetJointPosition.py)
Linked: (/root/catkin_ws/devel/.private/open_manipulator_msgs/lib/python3/dist-packages/open_manipulator_msgs/srv/_SetDrawingTrajectory.py, /root/catkin_ws/devel/lib/python3/dist-packages/open_manipulator_msgs/srv/_SetDrawingTrajectory.py)
Linked: (/root/catkin_ws/devel/.private/open_manipulator_msgs/lib/pkgconfig/open_manipulator_msgs.pc, /root/catkin_ws/devel/lib/pkgconfig/open_manipulator_msgs.pc)
Linked: (/root/catkin_ws/devel/.private/open_manipulator_msgs/share/common-lisp/ros/open_manipulator_msgs/msg/_package_KinematicsPose.lisp, /root/catkin_ws/devel/share/common-lisp/ros/open_manipulator_msgs/msg/_package_KinematicsPose.lisp)
Linked: (/root/catkin_ws/devel/.private/open_manipulator_msgs/share/common-lisp/ros/open_manipulator_msgs/msg/open_manipulator_msgs-msg.asd, /root/catkin_ws/devel/share/common-lisp/ros/open_manipulator_msgs/msg/open_manipulator_msgs-msg.asd)
Linked: (/root/catkin_ws/devel/.private/open_manipulator_msgs/share/common-lisp/ros/open_manipulator_msgs/msg/_package_JointPosition.lisp, /root/catkin_ws/devel/share/common-lisp/ros/open_manipulator_msgs/msg/_package_JointPosition.lisp)
Linked: (/root/catkin_ws/devel/.private/open_manipulator_msgs/share/common-lisp/ros/open_manipulator_msgs/msg/KinematicsPose.lisp, /root/catkin_ws/devel/share/common-lisp/ros/open_manipulator_msgs/msg/KinematicsPose.lisp)
Linked: (/root/catkin_ws/devel/.private/open_manipulator_msgs/share/common-lisp/ros/open_manipulator_msgs/msg/OpenManipulatorState.lisp, /root/catkin_ws/devel/share/common-lisp/ros/open_manipulator_msgs/msg/OpenManipulatorState.lisp)
Linked: (/root/catkin_ws/devel/.private/open_manipulator_msgs/share/common-lisp/ros/open_manipulator_msgs/msg/JointPosition.lisp, /root/catkin_ws/devel/share/common-lisp/ros/open_manipulator_msgs/msg/JointPosition.lisp)
Linked: (/root/catkin_ws/devel/.private/open_manipulator_msgs/share/common-lisp/ros/open_manipulator_msgs/msg/_package.lisp, /root/catkin_ws/devel/share/common-lisp/ros/open_manipulator_msgs/msg/_package.lisp)
Linked: (/root/catkin_ws/devel/.private/open_manipulator_msgs/share/common-lisp/ros/open_manipulator_msgs/msg/_package_OpenManipulatorState.lisp, /root/catkin_ws/devel/share/common-lisp/ros/open_manipulator_msgs/msg/_package_OpenManipulatorState.lisp)
Linked: (/root/catkin_ws/devel/.private/open_manipulator_msgs/share/common-lisp/ros/open_manipulator_msgs/srv/_package_SetKinematicsPose.lisp, /root/catkin_ws/devel/share/common-lisp/ros/open_manipulator_msgs/srv/_package_SetKinematicsPose.lisp)
Linked: (/root/catkin_ws/devel/.private/open_manipulator_msgs/share/common-lisp/ros/open_manipulator_msgs/srv/_package_SetActuatorState.lisp, /root/catkin_ws/devel/share/common-lisp/ros/open_manipulator_msgs/srv/_package_SetActuatorState.lisp)
Linked: (/root/catkin_ws/devel/.private/open_manipulator_msgs/share/common-lisp/ros/open_manipulator_msgs/srv/open_manipulator_msgs-srv.asd, /root/catkin_ws/devel/share/common-lisp/ros/open_manipulator_msgs/srv/open_manipulator_msgs-srv.asd)
Linked: (/root/catkin_ws/devel/.private/open_manipulator_msgs/share/common-lisp/ros/open_manipulator_msgs/srv/GetKinematicsPose.lisp, /root/catkin_ws/devel/share/common-lisp/ros/open_manipulator_msgs/srv/GetKinematicsPose.lisp)
Linked: (/root/catkin_ws/devel/.private/open_manipulator_msgs/share/common-lisp/ros/open_manipulator_msgs/srv/_package_GetJointPosition.lisp, /root/catkin_ws/devel/share/common-lisp/ros/open_manipulator_msgs/srv/_package_GetJointPosition.lisp)
Linked: (/root/catkin_ws/devel/.private/open_manipulator_msgs/share/common-lisp/ros/open_manipulator_msgs/srv/SetDrawingTrajectory.lisp, /root/catkin_ws/devel/share/common-lisp/ros/open_manipulator_msgs/srv/SetDrawingTrajectory.lisp)
Linked: (/root/catkin_ws/devel/.private/open_manipulator_msgs/share/common-lisp/ros/open_manipulator_msgs/srv/_package_SetJointPosition.lisp, /root/catkin_ws/devel/share/common-lisp/ros/open_manipulator_msgs/srv/_package_SetJointPosition.lisp)
Linked: (/root/catkin_ws/devel/.private/open_manipulator_msgs/share/common-lisp/ros/open_manipulator_msgs/srv/GetJointPosition.lisp, /root/catkin_ws/devel/share/common-lisp/ros/open_manipulator_msgs/srv/GetJointPosition.lisp)
Linked: (/root/catkin_ws/devel/.private/open_manipulator_msgs/share/common-lisp/ros/open_manipulator_msgs/srv/_package.lisp, /root/catkin_ws/devel/share/common-lisp/ros/open_manipulator_msgs/srv/_package.lisp)
Linked: (/root/catkin_ws/devel/.private/open_manipulator_msgs/share/common-lisp/ros/open_manipulator_msgs/srv/_package_SetDrawingTrajectory.lisp, /root/catkin_ws/devel/share/common-lisp/ros/open_manipulator_msgs/srv/_package_SetDrawingTrajectory.lisp)
Linked: (/root/catkin_ws/devel/.private/open_manipulator_msgs/share/common-lisp/ros/open_manipulator_msgs/srv/SetActuatorState.lisp, /root/catkin_ws/devel/share/common-lisp/ros/open_manipulator_msgs/srv/SetActuatorState.lisp)
Linked: (/root/catkin_ws/devel/.private/open_manipulator_msgs/share/common-lisp/ros/open_manipulator_msgs/srv/SetJointPosition.lisp, /root/catkin_ws/devel/share/common-lisp/ros/open_manipulator_msgs/srv/SetJointPosition.lisp)
Linked: (/root/catkin_ws/devel/.private/open_manipulator_msgs/share/common-lisp/ros/open_manipulator_msgs/srv/_package_GetKinematicsPose.lisp, /root/catkin_ws/devel/share/common-lisp/ros/open_manipulator_msgs/srv/_package_GetKinematicsPose.lisp)
Linked: (/root/catkin_ws/devel/.private/open_manipulator_msgs/share/common-lisp/ros/open_manipulator_msgs/srv/SetKinematicsPose.lisp, /root/catkin_ws/devel/share/common-lisp/ros/open_manipulator_msgs/srv/SetKinematicsPose.lisp)
Linked: (/root/catkin_ws/devel/.private/open_manipulator_msgs/share/gennodejs/ros/open_manipulator_msgs/_index.js, /root/catkin_ws/devel/share/gennodejs/ros/open_manipulator_msgs/_index.js)
Linked: (/root/catkin_ws/devel/.private/open_manipulator_msgs/share/gennodejs/ros/open_manipulator_msgs/msg/KinematicsPose.js, /root/catkin_ws/devel/share/gennodejs/ros/open_manipulator_msgs/msg/KinematicsPose.js)
Linked: (/root/catkin_ws/devel/.private/open_manipulator_msgs/share/gennodejs/ros/open_manipulator_msgs/msg/JointPosition.js, /root/catkin_ws/devel/share/gennodejs/ros/open_manipulator_msgs/msg/JointPosition.js)
Linked: (/root/catkin_ws/devel/.private/open_manipulator_msgs/share/gennodejs/ros/open_manipulator_msgs/msg/_index.js, /root/catkin_ws/devel/share/gennodejs/ros/open_manipulator_msgs/msg/_index.js)
Linked: (/root/catkin_ws/devel/.private/open_manipulator_msgs/share/gennodejs/ros/open_manipulator_msgs/msg/OpenManipulatorState.js, /root/catkin_ws/devel/share/gennodejs/ros/open_manipulator_msgs/msg/OpenManipulatorState.js)
Linked: (/root/catkin_ws/devel/.private/open_manipulator_msgs/share/gennodejs/ros/open_manipulator_msgs/srv/GetJointPosition.js, /root/catkin_ws/devel/share/gennodejs/ros/open_manipulator_msgs/srv/GetJointPosition.js)
Linked: (/root/catkin_ws/devel/.private/open_manipulator_msgs/share/gennodejs/ros/open_manipulator_msgs/srv/SetDrawingTrajectory.js, /root/catkin_ws/devel/share/gennodejs/ros/open_manipulator_msgs/srv/SetDrawingTrajectory.js)
Linked: (/root/catkin_ws/devel/.private/open_manipulator_msgs/share/gennodejs/ros/open_manipulator_msgs/srv/_index.js, /root/catkin_ws/devel/share/gennodejs/ros/open_manipulator_msgs/srv/_index.js)
Linked: (/root/catkin_ws/devel/.private/open_manipulator_msgs/share/gennodejs/ros/open_manipulator_msgs/srv/SetKinematicsPose.js, /root/catkin_ws/devel/share/gennodejs/ros/open_manipulator_msgs/srv/SetKinematicsPose.js)
Linked: (/root/catkin_ws/devel/.private/open_manipulator_msgs/share/gennodejs/ros/open_manipulator_msgs/srv/GetKinematicsPose.js, /root/catkin_ws/devel/share/gennodejs/ros/open_manipulator_msgs/srv/GetKinematicsPose.js)
Linked: (/root/catkin_ws/devel/.private/open_manipulator_msgs/share/gennodejs/ros/open_manipulator_msgs/srv/SetActuatorState.js, /root/catkin_ws/devel/share/gennodejs/ros/open_manipulator_msgs/srv/SetActuatorState.js)
Linked: (/root/catkin_ws/devel/.private/open_manipulator_msgs/share/gennodejs/ros/open_manipulator_msgs/srv/SetJointPosition.js, /root/catkin_ws/devel/share/gennodejs/ros/open_manipulator_msgs/srv/SetJointPosition.js)
Linked: (/root/catkin_ws/devel/.private/open_manipulator_msgs/share/open_manipulator_msgs/cmake/open_manipulator_msgsConfig.cmake, /root/catkin_ws/devel/share/open_manipulator_msgs/cmake/open_manipulator_msgsConfig.cmake)
Linked: (/root/catkin_ws/devel/.private/open_manipulator_msgs/share/open_manipulator_msgs/cmake/open_manipulator_msgs-msg-paths.cmake, /root/catkin_ws/devel/share/open_manipulator_msgs/cmake/open_manipulator_msgs-msg-paths.cmake)
Linked: (/root/catkin_ws/devel/.private/open_manipulator_msgs/share/open_manipulator_msgs/cmake/open_manipulator_msgsConfig-version.cmake, /root/catkin_ws/devel/share/open_manipulator_msgs/cmake/open_manipulator_msgsConfig-version.cmake)
Linked: (/root/catkin_ws/devel/.private/open_manipulator_msgs/share/open_manipulator_msgs/cmake/open_manipulator_msgs-msg-extras.cmake, /root/catkin_ws/devel/share/open_manipulator_msgs/cmake/open_manipulator_msgs-msg-extras.cmake)
Linked: (/root/catkin_ws/devel/.private/open_manipulator_msgs/share/roseus/ros/open_manipulator_msgs/manifest.l, /root/catkin_ws/devel/share/roseus/ros/open_manipulator_msgs/manifest.l)
Linked: (/root/catkin_ws/devel/.private/open_manipulator_msgs/share/roseus/ros/open_manipulator_msgs/msg/KinematicsPose.l, /root/catkin_ws/devel/share/roseus/ros/open_manipulator_msgs/msg/KinematicsPose.l)
Linked: (/root/catkin_ws/devel/.private/open_manipulator_msgs/share/roseus/ros/open_manipulator_msgs/msg/OpenManipulatorState.l, /root/catkin_ws/devel/share/roseus/ros/open_manipulator_msgs/msg/OpenManipulatorState.l)
Linked: (/root/catkin_ws/devel/.private/open_manipulator_msgs/share/roseus/ros/open_manipulator_msgs/msg/JointPosition.l, /root/catkin_ws/devel/share/roseus/ros/open_manipulator_msgs/msg/JointPosition.l)
Linked: (/root/catkin_ws/devel/.private/open_manipulator_msgs/share/roseus/ros/open_manipulator_msgs/srv/SetJointPosition.l, /root/catkin_ws/devel/share/roseus/ros/open_manipulator_msgs/srv/SetJointPosition.l)
Linked: (/root/catkin_ws/devel/.private/open_manipulator_msgs/share/roseus/ros/open_manipulator_msgs/srv/SetKinematicsPose.l, /root/catkin_ws/devel/share/roseus/ros/open_manipulator_msgs/srv/SetKinematicsPose.l)
Linked: (/root/catkin_ws/devel/.private/open_manipulator_msgs/share/roseus/ros/open_manipulator_msgs/srv/SetDrawingTrajectory.l, /root/catkin_ws/devel/share/roseus/ros/open_manipulator_msgs/srv/SetDrawingTrajectory.l)
Linked: (/root/catkin_ws/devel/.private/open_manipulator_msgs/share/roseus/ros/open_manipulator_msgs/srv/GetJointPosition.l, /root/catkin_ws/devel/share/roseus/ros/open_manipulator_msgs/srv/GetJointPosition.l)
Linked: (/root/catkin_ws/devel/.private/open_manipulator_msgs/share/roseus/ros/open_manipulator_msgs/srv/SetActuatorState.l, /root/catkin_ws/devel/share/roseus/ros/open_manipulator_msgs/srv/SetActuatorState.l)
Linked: (/root/catkin_ws/devel/.private/open_manipulator_msgs/share/roseus/ros/open_manipulator_msgs/srv/GetKinematicsPose.l, /root/catkin_ws/devel/share/roseus/ros/open_manipulator_msgs/srv/GetKinematicsPose.l)
