Scanning dependencies of target _dynamixel_sdk_examples_generate_messages_check_deps_SyncGetPosition
[  0%] Built target _dynamixel_sdk_examples_generate_messages_check_deps_SyncGetPosition
Scanning dependencies of target _dynamixel_sdk_examples_generate_messages_check_deps_SyncSetPosition
[  0%] Built target _dynamixel_sdk_examples_generate_messages_check_deps_SyncSetPosition
Scanning dependencies of target _dynamixel_sdk_examples_generate_messages_check_deps_BulkSetItem
[  0%] Built target _dynamixel_sdk_examples_generate_messages_check_deps_BulkSetItem
Scanning dependencies of target std_msgs_generate_messages_py
[  0%] Built target std_msgs_generate_messages_py
Scanning dependencies of target _dynamixel_sdk_examples_generate_messages_check_deps_SetPosition
[  0%] Built target _dynamixel_sdk_examples_generate_messages_check_deps_SetPosition
Scanning dependencies of target _dynamixel_sdk_examples_generate_messages_check_deps_BulkGetItem
[  0%] Built target _dynamixel_sdk_examples_generate_messages_check_deps_BulkGetItem
Scanning dependencies of target _dynamixel_sdk_examples_generate_messages_check_deps_GetPosition
[  0%] Built target _dynamixel_sdk_examples_generate_messages_check_deps_GetPosition
Scanning dependencies of target std_msgs_generate_messages_eus
[  0%] Built target std_msgs_generate_messages_eus
Scanning dependencies of target rosgraph_msgs_generate_messages_eus
[  0%] Built target rosgraph_msgs_generate_messages_eus
Scanning dependencies of target rosgraph_msgs_generate_messages_cpp
[  0%] Built target rosgraph_msgs_generate_messages_cpp
Scanning dependencies of target std_msgs_generate_messages_nodejs
[  0%] Built target std_msgs_generate_messages_nodejs
Scanning dependencies of target roscpp_generate_messages_nodejs
[  0%] Built target roscpp_generate_messages_nodejs
Scanning dependencies of target roscpp_generate_messages_eus
[  0%] Built target roscpp_generate_messages_eus
Scanning dependencies of target roscpp_generate_messages_cpp
[  0%] Built target roscpp_generate_messages_cpp
Scanning dependencies of target roscpp_generate_messages_py
[  0%] Built target roscpp_generate_messages_py
Scanning dependencies of target rosgraph_msgs_generate_messages_py
[  0%] Built target rosgraph_msgs_generate_messages_py
Scanning dependencies of target rosgraph_msgs_generate_messages_lisp
[  0%] Built target rosgraph_msgs_generate_messages_lisp
Scanning dependencies of target std_msgs_generate_messages_cpp
[  0%] Built target std_msgs_generate_messages_cpp
Scanning dependencies of target rosgraph_msgs_generate_messages_nodejs
[  0%] Built target rosgraph_msgs_generate_messages_nodejs
Scanning dependencies of target roscpp_generate_messages_lisp
[  0%] Built target roscpp_generate_messages_lisp
Scanning dependencies of target std_msgs_generate_messages_lisp
[  0%] Built target std_msgs_generate_messages_lisp
Scanning dependencies of target dynamixel_sdk_examples_generate_messages_py
[  2%] Generating Python from MSG dynamixel_sdk_examples/SetPosition
[  4%] Generating Python from MSG dynamixel_sdk_examples/SyncSetPosition
[  7%] Generating Python from MSG dynamixel_sdk_examples/BulkSetItem
[  9%] Generating Python code from SRV dynamixel_sdk_examples/GetPosition
[ 12%] Generating Python code from SRV dynamixel_sdk_examples/SyncGetPosition
[ 14%] Generating Python code from SRV dynamixel_sdk_examples/BulkGetItem
[ 17%] Generating Python msg __init__.py for dynamixel_sdk_examples
[ 19%] Generating Python srv __init__.py for dynamixel_sdk_examples
[ 19%] Built target dynamixel_sdk_examples_generate_messages_py
Scanning dependencies of target dynamixel_sdk_examples_generate_messages_eus
[ 21%] Generating EusLisp code from dynamixel_sdk_examples/SetPosition.msg
[ 24%] Generating EusLisp code from dynamixel_sdk_examples/SyncSetPosition.msg
[ 26%] Generating EusLisp code from dynamixel_sdk_examples/BulkSetItem.msg
[ 29%] Generating EusLisp code from dynamixel_sdk_examples/GetPosition.srv
[ 31%] Generating EusLisp code from dynamixel_sdk_examples/SyncGetPosition.srv
[ 34%] Generating EusLisp code from dynamixel_sdk_examples/BulkGetItem.srv
[ 36%] Generating EusLisp manifest code for dynamixel_sdk_examples
[ 36%] Built target dynamixel_sdk_examples_generate_messages_eus
Scanning dependencies of target dynamixel_sdk_examples_generate_messages_nodejs
[ 39%] Generating Javascript code from dynamixel_sdk_examples/SetPosition.msg
[ 41%] Generating Javascript code from dynamixel_sdk_examples/SyncSetPosition.msg
[ 43%] Generating Javascript code from dynamixel_sdk_examples/BulkSetItem.msg
[ 46%] Generating Javascript code from dynamixel_sdk_examples/GetPosition.srv
[ 48%] Generating Javascript code from dynamixel_sdk_examples/SyncGetPosition.srv
[ 51%] Generating Javascript code from dynamixel_sdk_examples/BulkGetItem.srv
[ 51%] Built target dynamixel_sdk_examples_generate_messages_nodejs
Scanning dependencies of target dynamixel_sdk_examples_generate_messages_cpp
[ 53%] Generating C++ code from dynamixel_sdk_examples/SetPosition.msg
[ 56%] Generating C++ code from dynamixel_sdk_examples/SyncSetPosition.msg
[ 58%] Generating C++ code from dynamixel_sdk_examples/BulkSetItem.msg
[ 60%] Generating C++ code from dynamixel_sdk_examples/GetPosition.srv
[ 63%] Generating C++ code from dynamixel_sdk_examples/SyncGetPosition.srv
[ 65%] Generating C++ code from dynamixel_sdk_examples/BulkGetItem.srv
[ 65%] Built target dynamixel_sdk_examples_generate_messages_cpp
Scanning dependencies of target dynamixel_sdk_examples_generate_messages_lisp
[ 68%] Generating Lisp code from dynamixel_sdk_examples/SetPosition.msg
[ 70%] Generating Lisp code from dynamixel_sdk_examples/SyncSetPosition.msg
[ 73%] Generating Lisp code from dynamixel_sdk_examples/BulkSetItem.msg
[ 75%] Generating Lisp code from dynamixel_sdk_examples/GetPosition.srv
[ 78%] Generating Lisp code from dynamixel_sdk_examples/SyncGetPosition.srv
[ 80%] Generating Lisp code from dynamixel_sdk_examples/BulkGetItem.srv
[ 80%] Built target dynamixel_sdk_examples_generate_messages_lisp
Scanning dependencies of target indirect_address_node
[ 82%] Building CXX object CMakeFiles/indirect_address_node.dir/src/indirect_address_node.cpp.o
[ 85%] Linking CXX executable /root/catkin_ws/devel/.private/dynamixel_sdk_examples/lib/dynamixel_sdk_examples/indirect_address_node
[ 85%] Built target indirect_address_node
Scanning dependencies of target bulk_read_write_node
[ 87%] Building CXX object CMakeFiles/bulk_read_write_node.dir/src/bulk_read_write_node.cpp.o
[ 90%] Linking CXX executable /root/catkin_ws/devel/.private/dynamixel_sdk_examples/lib/dynamixel_sdk_examples/bulk_read_write_node
[ 90%] Built target bulk_read_write_node
Scanning dependencies of target sync_read_write_node
[ 92%] Building CXX object CMakeFiles/sync_read_write_node.dir/src/sync_read_write_node.cpp.o
[ 95%] Linking CXX executable /root/catkin_ws/devel/.private/dynamixel_sdk_examples/lib/dynamixel_sdk_examples/sync_read_write_node
[ 95%] Built target sync_read_write_node
Scanning dependencies of target read_write_node
[ 97%] Building CXX object CMakeFiles/read_write_node.dir/src/read_write_node.cpp.o
[100%] Linking CXX executable /root/catkin_ws/devel/.private/dynamixel_sdk_examples/lib/dynamixel_sdk_examples/read_write_node
[100%] Built target read_write_node
Scanning dependencies of target dynamixel_sdk_examples_generate_messages
[100%] Built target dynamixel_sdk_examples_generate_messages
