Scanning dependencies of target _turtlebot3_autorace_msgs_generate_messages_check_deps_MovingParam
[  0%] Built target _turtlebot3_autorace_msgs_generate_messages_check_deps_MovingParam
Scanning dependencies of target std_msgs_generate_messages_cpp
[  0%] Built target std_msgs_generate_messages_cpp
Scanning dependencies of target std_msgs_generate_messages_py
[  0%] Built target std_msgs_generate_messages_py
Scanning dependencies of target std_msgs_generate_messages_eus
[  0%] Built target std_msgs_generate_messages_eus
Scanning dependencies of target std_msgs_generate_messages_lisp
[  0%] Built target std_msgs_generate_messages_lisp
Scanning dependencies of target std_msgs_generate_messages_nodejs
[  0%] Built target std_msgs_generate_messages_nodejs
Scanning dependencies of target turtlebot3_autorace_msgs_generate_messages_cpp
[ 14%] Generating C++ code from turtlebot3_autorace_msgs/MovingParam.msg
[ 14%] Built target turtlebot3_autorace_msgs_generate_messages_cpp
Scanning dependencies of target turtlebot3_autorace_msgs_generate_messages_py
[ 28%] Generating Python from MSG turtlebot3_autorace_msgs/MovingParam
[ 42%] Generating Python msg __init__.py for turtlebot3_autorace_msgs
[ 42%] Built target turtlebot3_autorace_msgs_generate_messages_py
Scanning dependencies of target turtlebot3_autorace_msgs_generate_messages_eus
[ 57%] Generating EusLisp code from turtlebot3_autorace_msgs/MovingParam.msg
[ 71%] Generating EusLisp manifest code for turtlebot3_autorace_msgs
[ 71%] Built target turtlebot3_autorace_msgs_generate_messages_eus
Scanning dependencies of target turtlebot3_autorace_msgs_generate_messages_lisp
[ 85%] Generating Lisp code from turtlebot3_autorace_msgs/MovingParam.msg
[ 85%] Built target turtlebot3_autorace_msgs_generate_messages_lisp
Scanning dependencies of target turtlebot3_autorace_msgs_generate_messages_nodejs
[100%] Generating Javascript code from turtlebot3_autorace_msgs/MovingParam.msg
[100%] Built target turtlebot3_autorace_msgs_generate_messages_nodejs
Scanning dependencies of target turtlebot3_autorace_msgs_generate_messages
[100%] Built target turtlebot3_autorace_msgs_generate_messages
