Not searching for unused variables given on the command line.
-- The C compiler identification is GNU 9.4.0
-- The CXX compiler identification is GNU 9.4.0
-- Check for working C compiler: /usr/bin/cc
-- Check for working C compiler: /usr/bin/cc -- works
-- Detecting C compiler ABI info
-- Detecting C compiler ABI info - done
-- Detecting C compile features
-- Detecting C compile features - done
-- Check for working CXX compiler: /usr/bin/c++
-- Check for working CXX compiler: /usr/bin/c++ -- works
-- Detecting CXX compiler ABI info
-- Detecting CXX compiler ABI info - done
-- Detecting CXX compile features
-- Detecting CXX compile features - done
-- Using CATKIN_DEVEL_PREFIX: /root/catkin_ws/devel/.private/dynamixel_sdk
-- Using CMAKE_PREFIX_PATH: /root/catkin_ws/devel;/opt/ros/noetic
-- This workspace overlays: /root/catkin_ws/devel;/opt/ros/noetic
-- Found PythonInterp: /usr/bin/python3 (found suitable version "3.8.10", minimum required is "3")
-- Using PYTHON_EXECUTABLE: /usr/bin/python3
-- Using Debian Python package layout
-- Found PY_em: /usr/lib/python3/dist-packages/em.py
-- Using empy: /usr/lib/python3/dist-packages/em.py
-- Using CATKIN_ENABLE_TESTING: ON
-- Call enable_testing()
-- Using CATKIN_TEST_RESULTS_DIR: /root/catkin_ws/build/dynamixel_sdk/test_results
-- Forcing gtest/gmock from source, though one was otherwise available.
-- Found gtest sources under '/usr/src/googletest': gtests will be built
-- Found gmock sources under '/usr/src/googletest': gmock will be built
-- Found PythonInterp: /usr/bin/python3 (found version "3.8.10")
-- Found Threads: TRUE
-- Using Python nosetests: /usr/bin/nosetests3
-- catkin 0.8.10
-- BUILD_SHARED_LIBS is on
-- Installing devel-space wrapper /root/catkin_ws/src/DynamixelSDK/ros/dynamixel_sdk/src/dynamixel_sdk/group_bulk_read.py to /root/catkin_ws/devel/.private/dynamixel_sdk/lib/dynamixel_sdk
-- Installing devel-space wrapper /root/catkin_ws/src/DynamixelSDK/ros/dynamixel_sdk/src/dynamixel_sdk/group_bulk_write.py to /root/catkin_ws/devel/.private/dynamixel_sdk/lib/dynamixel_sdk
-- Installing devel-space wrapper /root/catkin_ws/src/DynamixelSDK/ros/dynamixel_sdk/src/dynamixel_sdk/group_sync_read.py to /root/catkin_ws/devel/.private/dynamixel_sdk/lib/dynamixel_sdk
-- Installing devel-space wrapper /root/catkin_ws/src/DynamixelSDK/ros/dynamixel_sdk/src/dynamixel_sdk/group_sync_write.py to /root/catkin_ws/devel/.private/dynamixel_sdk/lib/dynamixel_sdk
-- Installing devel-space wrapper /root/catkin_ws/src/DynamixelSDK/ros/dynamixel_sdk/src/dynamixel_sdk/packet_handler.py to /root/catkin_ws/devel/.private/dynamixel_sdk/lib/dynamixel_sdk
-- Installing devel-space wrapper /root/catkin_ws/src/DynamixelSDK/ros/dynamixel_sdk/src/dynamixel_sdk/port_handler.py to /root/catkin_ws/devel/.private/dynamixel_sdk/lib/dynamixel_sdk
-- Installing devel-space wrapper /root/catkin_ws/src/DynamixelSDK/ros/dynamixel_sdk/src/dynamixel_sdk/protocol1_packet_handler.py to /root/catkin_ws/devel/.private/dynamixel_sdk/lib/dynamixel_sdk
-- Installing devel-space wrapper /root/catkin_ws/src/DynamixelSDK/ros/dynamixel_sdk/src/dynamixel_sdk/protocol2_packet_handler.py to /root/catkin_ws/devel/.private/dynamixel_sdk/lib/dynamixel_sdk
-- Installing devel-space wrapper /root/catkin_ws/src/DynamixelSDK/ros/dynamixel_sdk/src/dynamixel_sdk/robotis_def.py to /root/catkin_ws/devel/.private/dynamixel_sdk/lib/dynamixel_sdk
-- Configuring done
-- Generating done
-- Build files have been written to: /root/catkin_ws/build/dynamixel_sdk
