Linked: (/root/catkin_ws/devel/.private/ar_track_alvar_msgs/include/ar_track_alvar_msgs/AlvarMarkers.h, /root/catkin_ws/devel/include/ar_track_alvar_msgs/AlvarMarkers.h)
Linked: (/root/catkin_ws/devel/.private/ar_track_alvar_msgs/include/ar_track_alvar_msgs/AlvarMarker.h, /root/catkin_ws/devel/include/ar_track_alvar_msgs/AlvarMarker.h)
Linked: (/root/catkin_ws/devel/.private/ar_track_alvar_msgs/lib/python3/dist-packages/ar_track_alvar_msgs/__init__.py, /root/catkin_ws/devel/lib/python3/dist-packages/ar_track_alvar_msgs/__init__.py)
Linked: (/root/catkin_ws/devel/.private/ar_track_alvar_msgs/lib/python3/dist-packages/ar_track_alvar_msgs/msg/__init__.py, /root/catkin_ws/devel/lib/python3/dist-packages/ar_track_alvar_msgs/msg/__init__.py)
Linked: (/root/catkin_ws/devel/.private/ar_track_alvar_msgs/lib/python3/dist-packages/ar_track_alvar_msgs/msg/_AlvarMarkers.py, /root/catkin_ws/devel/lib/python3/dist-packages/ar_track_alvar_msgs/msg/_AlvarMarkers.py)
Linked: (/root/catkin_ws/devel/.private/ar_track_alvar_msgs/lib/python3/dist-packages/ar_track_alvar_msgs/msg/_AlvarMarker.py, /root/catkin_ws/devel/lib/python3/dist-packages/ar_track_alvar_msgs/msg/_AlvarMarker.py)
Linked: (/root/catkin_ws/devel/.private/ar_track_alvar_msgs/lib/pkgconfig/ar_track_alvar_msgs.pc, /root/catkin_ws/devel/lib/pkgconfig/ar_track_alvar_msgs.pc)
Linked: (/root/catkin_ws/devel/.private/ar_track_alvar_msgs/share/ar_track_alvar_msgs/cmake/ar_track_alvar_msgs-msg-extras.cmake, /root/catkin_ws/devel/share/ar_track_alvar_msgs/cmake/ar_track_alvar_msgs-msg-extras.cmake)
Linked: (/root/catkin_ws/devel/.private/ar_track_alvar_msgs/share/ar_track_alvar_msgs/cmake/ar_track_alvar_msgsConfig.cmake, /root/catkin_ws/devel/share/ar_track_alvar_msgs/cmake/ar_track_alvar_msgsConfig.cmake)
Linked: (/root/catkin_ws/devel/.private/ar_track_alvar_msgs/share/ar_track_alvar_msgs/cmake/ar_track_alvar_msgs-msg-paths.cmake, /root/catkin_ws/devel/share/ar_track_alvar_msgs/cmake/ar_track_alvar_msgs-msg-paths.cmake)
Linked: (/root/catkin_ws/devel/.private/ar_track_alvar_msgs/share/ar_track_alvar_msgs/cmake/ar_track_alvar_msgsConfig-version.cmake, /root/catkin_ws/devel/share/ar_track_alvar_msgs/cmake/ar_track_alvar_msgsConfig-version.cmake)
Linked: (/root/catkin_ws/devel/.private/ar_track_alvar_msgs/share/common-lisp/ros/ar_track_alvar_msgs/msg/ar_track_alvar_msgs-msg.asd, /root/catkin_ws/devel/share/common-lisp/ros/ar_track_alvar_msgs/msg/ar_track_alvar_msgs-msg.asd)
Linked: (/root/catkin_ws/devel/.private/ar_track_alvar_msgs/share/common-lisp/ros/ar_track_alvar_msgs/msg/AlvarMarker.lisp, /root/catkin_ws/devel/share/common-lisp/ros/ar_track_alvar_msgs/msg/AlvarMarker.lisp)
Linked: (/root/catkin_ws/devel/.private/ar_track_alvar_msgs/share/common-lisp/ros/ar_track_alvar_msgs/msg/AlvarMarkers.lisp, /root/catkin_ws/devel/share/common-lisp/ros/ar_track_alvar_msgs/msg/AlvarMarkers.lisp)
Linked: (/root/catkin_ws/devel/.private/ar_track_alvar_msgs/share/common-lisp/ros/ar_track_alvar_msgs/msg/_package.lisp, /root/catkin_ws/devel/share/common-lisp/ros/ar_track_alvar_msgs/msg/_package.lisp)
Linked: (/root/catkin_ws/devel/.private/ar_track_alvar_msgs/share/common-lisp/ros/ar_track_alvar_msgs/msg/_package_AlvarMarkers.lisp, /root/catkin_ws/devel/share/common-lisp/ros/ar_track_alvar_msgs/msg/_package_AlvarMarkers.lisp)
Linked: (/root/catkin_ws/devel/.private/ar_track_alvar_msgs/share/common-lisp/ros/ar_track_alvar_msgs/msg/_package_AlvarMarker.lisp, /root/catkin_ws/devel/share/common-lisp/ros/ar_track_alvar_msgs/msg/_package_AlvarMarker.lisp)
Linked: (/root/catkin_ws/devel/.private/ar_track_alvar_msgs/share/gennodejs/ros/ar_track_alvar_msgs/_index.js, /root/catkin_ws/devel/share/gennodejs/ros/ar_track_alvar_msgs/_index.js)
Linked: (/root/catkin_ws/devel/.private/ar_track_alvar_msgs/share/gennodejs/ros/ar_track_alvar_msgs/msg/AlvarMarker.js, /root/catkin_ws/devel/share/gennodejs/ros/ar_track_alvar_msgs/msg/AlvarMarker.js)
Linked: (/root/catkin_ws/devel/.private/ar_track_alvar_msgs/share/gennodejs/ros/ar_track_alvar_msgs/msg/AlvarMarkers.js, /root/catkin_ws/devel/share/gennodejs/ros/ar_track_alvar_msgs/msg/AlvarMarkers.js)
Linked: (/root/catkin_ws/devel/.private/ar_track_alvar_msgs/share/gennodejs/ros/ar_track_alvar_msgs/msg/_index.js, /root/catkin_ws/devel/share/gennodejs/ros/ar_track_alvar_msgs/msg/_index.js)
Linked: (/root/catkin_ws/devel/.private/ar_track_alvar_msgs/share/roseus/ros/ar_track_alvar_msgs/manifest.l, /root/catkin_ws/devel/share/roseus/ros/ar_track_alvar_msgs/manifest.l)
Linked: (/root/catkin_ws/devel/.private/ar_track_alvar_msgs/share/roseus/ros/ar_track_alvar_msgs/msg/AlvarMarker.l, /root/catkin_ws/devel/share/roseus/ros/ar_track_alvar_msgs/msg/AlvarMarker.l)
Linked: (/root/catkin_ws/devel/.private/ar_track_alvar_msgs/share/roseus/ros/ar_track_alvar_msgs/msg/AlvarMarkers.l, /root/catkin_ws/devel/share/roseus/ros/ar_track_alvar_msgs/msg/AlvarMarkers.l)
