Scanning dependencies of target _ar_track_alvar_msgs_generate_messages_check_deps_AlvarMarkers
[  0%] Built target _ar_track_alvar_msgs_generate_messages_check_deps_AlvarMarkers
Scanning dependencies of target _ar_track_alvar_msgs_generate_messages_check_deps_AlvarMarker
[  0%] Built target _ar_track_alvar_msgs_generate_messages_check_deps_AlvarMarker
Scanning dependencies of target geometry_msgs_generate_messages_nodejs
[  0%] Built target geometry_msgs_generate_messages_nodejs
Scanning dependencies of target std_msgs_generate_messages_nodejs
[  0%] Built target std_msgs_generate_messages_nodejs
Scanning dependencies of target geometry_msgs_generate_messages_py
[  0%] Built target geometry_msgs_generate_messages_py
Scanning dependencies of target std_msgs_generate_messages_py
[  0%] Built target std_msgs_generate_messages_py
Scanning dependencies of target std_msgs_generate_messages_cpp
[  0%] Built target std_msgs_generate_messages_cpp
Scanning dependencies of target geometry_msgs_generate_messages_cpp
[  0%] Built target geometry_msgs_generate_messages_cpp
Scanning dependencies of target std_msgs_generate_messages_eus
[  0%] Built target std_msgs_generate_messages_eus
Scanning dependencies of target geometry_msgs_generate_messages_eus
[  0%] Built target geometry_msgs_generate_messages_eus
Scanning dependencies of target std_msgs_generate_messages_lisp
[  0%] Built target std_msgs_generate_messages_lisp
Scanning dependencies of target geometry_msgs_generate_messages_lisp
[  0%] Built target geometry_msgs_generate_messages_lisp
Scanning dependencies of target ar_track_alvar_msgs_generate_messages_nodejs
[  8%] Generating Javascript code from ar_track_alvar_msgs/AlvarMarker.msg
[ 16%] Generating Javascript code from ar_track_alvar_msgs/AlvarMarkers.msg
[ 16%] Built target ar_track_alvar_msgs_generate_messages_nodejs
Scanning dependencies of target ar_track_alvar_msgs_generate_messages_py
[ 25%] Generating Python from MSG ar_track_alvar_msgs/AlvarMarker
[ 33%] Generating Python from MSG ar_track_alvar_msgs/AlvarMarkers
[ 41%] Generating Python msg __init__.py for ar_track_alvar_msgs
[ 41%] Built target ar_track_alvar_msgs_generate_messages_py
Scanning dependencies of target ar_track_alvar_msgs_generate_messages_cpp
[ 50%] Generating C++ code from ar_track_alvar_msgs/AlvarMarker.msg
[ 58%] Generating C++ code from ar_track_alvar_msgs/AlvarMarkers.msg
[ 58%] Built target ar_track_alvar_msgs_generate_messages_cpp
Scanning dependencies of target ar_track_alvar_msgs_generate_messages_eus
[ 66%] Generating EusLisp code from ar_track_alvar_msgs/AlvarMarker.msg
[ 75%] Generating EusLisp code from ar_track_alvar_msgs/AlvarMarkers.msg
[ 83%] Generating EusLisp manifest code for ar_track_alvar_msgs
[ 83%] Built target ar_track_alvar_msgs_generate_messages_eus
Scanning dependencies of target ar_track_alvar_msgs_generate_messages_lisp
[ 91%] Generating Lisp code from ar_track_alvar_msgs/AlvarMarker.msg
[100%] Generating Lisp code from ar_track_alvar_msgs/AlvarMarkers.msg
[100%] Built target ar_track_alvar_msgs_generate_messages_lisp
Scanning dependencies of target ar_track_alvar_msgs_generate_messages
[100%] Built target ar_track_alvar_msgs_generate_messages
