Scanning dependencies of target geometry_msgs_generate_messages_eus
[  0%] Built target geometry_msgs_generate_messages_eus
Scanning dependencies of target open_manipulator_msgs_generate_messages_py
[  0%] Built target open_manipulator_msgs_generate_messages_py
Scanning dependencies of target open_manipulator_msgs_generate_messages_lisp
[  0%] Built target open_manipulator_msgs_generate_messages_lisp
Scanning dependencies of target open_manipulator_msgs_generate_messages_eus
[  0%] Built target open_manipulator_msgs_generate_messages_eus
Scanning dependencies of target open_manipulator_msgs_generate_messages_cpp
[  0%] Built target open_manipulator_msgs_generate_messages_cpp
Scanning dependencies of target rosgraph_msgs_generate_messages_eus
[  0%] Built target rosgraph_msgs_generate_messages_eus
Scanning dependencies of target rosgraph_msgs_generate_messages_cpp
[  0%] Built target rosgraph_msgs_generate_messages_cpp
Scanning dependencies of target roscpp_generate_messages_nodejs
[  0%] Built target roscpp_generate_messages_nodejs
Scanning dependencies of target std_msgs_generate_messages_eus
[  0%] Built target std_msgs_generate_messages_eus
Scanning dependencies of target geometry_msgs_generate_messages_lisp
[  0%] Built target geometry_msgs_generate_messages_lisp
Scanning dependencies of target geometry_msgs_generate_messages_py
[  0%] Built target geometry_msgs_generate_messages_py
Scanning dependencies of target sensor_msgs_generate_messages_py
[  0%] Built target sensor_msgs_generate_messages_py
Scanning dependencies of target geometry_msgs_generate_messages_cpp
[  0%] Built target geometry_msgs_generate_messages_cpp
Scanning dependencies of target geometry_msgs_generate_messages_nodejs
[  0%] Built target geometry_msgs_generate_messages_nodejs
Scanning dependencies of target roscpp_generate_messages_eus
[  0%] Built target roscpp_generate_messages_eus
Scanning dependencies of target sensor_msgs_generate_messages_lisp
[  0%] Built target sensor_msgs_generate_messages_lisp
Scanning dependencies of target sensor_msgs_generate_messages_nodejs
[  0%] Built target sensor_msgs_generate_messages_nodejs
Scanning dependencies of target roscpp_generate_messages_py
[  0%] Built target roscpp_generate_messages_py
Scanning dependencies of target roscpp_generate_messages_cpp
[  0%] Built target roscpp_generate_messages_cpp
Scanning dependencies of target sensor_msgs_generate_messages_eus
[  0%] Built target sensor_msgs_generate_messages_eus
Scanning dependencies of target rosgraph_msgs_generate_messages_py
[  0%] Built target rosgraph_msgs_generate_messages_py
Scanning dependencies of target rosgraph_msgs_generate_messages_lisp
[  0%] Built target rosgraph_msgs_generate_messages_lisp
Scanning dependencies of target std_msgs_generate_messages_lisp
[  0%] Built target std_msgs_generate_messages_lisp
Scanning dependencies of target roscpp_generate_messages_lisp
[  0%] Built target roscpp_generate_messages_lisp
Scanning dependencies of target open_manipulator_msgs_generate_messages_nodejs
[  0%] Built target open_manipulator_msgs_generate_messages_nodejs
Scanning dependencies of target rosgraph_msgs_generate_messages_nodejs
[  0%] Built target rosgraph_msgs_generate_messages_nodejs
Scanning dependencies of target std_msgs_generate_messages_cpp
[  0%] Built target std_msgs_generate_messages_cpp
Scanning dependencies of target std_msgs_generate_messages_py
[  0%] Built target std_msgs_generate_messages_py
Scanning dependencies of target sensor_msgs_generate_messages_cpp
[  0%] Built target sensor_msgs_generate_messages_cpp
Scanning dependencies of target std_msgs_generate_messages_nodejs
[  0%] Built target std_msgs_generate_messages_nodejs
[  9%] Generating qrc_images.cpp
[ 18%] Generating include/open_manipulator_control_gui/moc_main_window.cpp
[ 27%] Generating include/open_manipulator_control_gui/moc_qnode.cpp
[ 36%] Generating /root/catkin_ws/devel/.private/open_manipulator_control_gui/include/open_manipulator_control_gui/ui_main_window.h
Scanning dependencies of target open_manipulator_control_gui
[ 45%] Building CXX object CMakeFiles/open_manipulator_control_gui.dir/src/main.cpp.o
[ 54%] Building CXX object CMakeFiles/open_manipulator_control_gui.dir/src/main_window.cpp.o
[ 63%] Building CXX object CMakeFiles/open_manipulator_control_gui.dir/src/qnode.cpp.o
[ 72%] Building CXX object CMakeFiles/open_manipulator_control_gui.dir/include/open_manipulator_control_gui/moc_main_window.cpp.o
[ 81%] Building CXX object CMakeFiles/open_manipulator_control_gui.dir/include/open_manipulator_control_gui/moc_qnode.cpp.o
[ 90%] Building CXX object CMakeFiles/open_manipulator_control_gui.dir/qrc_images.cpp.o
[100%] Linking CXX executable /root/catkin_ws/devel/.private/open_manipulator_control_gui/lib/open_manipulator_control_gui/open_manipulator_control_gui
[100%] Built target open_manipulator_control_gui
